<?xml version="1.0" encoding="UTF-8"?>
<testsuite xmlns:xsi="http://www.w3.org/2001/XMLSchema-instance" xsi:noNamespaceSchemaLocation="https://maven.apache.org/surefire/maven-surefire-plugin/xsd/surefire-test-report.xsd" name="com.shree.calculator.vertx_starter.TestMainVerticle" time="2.356" tests="1" errors="0" skipped="0" failures="0">
  <properties>
    <property name="java.specification.version" value="13"/>
    <property name="sun.cpu.isalist" value="amd64"/>
    <property name="sun.jnu.encoding" value="Cp1252"/>
    <property name="java.class.path" value="C:\Users\shree\OneDrive\Documents\Project_Workspace\IUDX\practice\Calculator_vertx\target\test-classes;C:\Users\shree\OneDrive\Documents\Project_Workspace\IUDX\practice\Calculator_vertx\target\classes;C:\Users\shree\.m2\repository\io\vertx\vertx-web-client\4.2.7\vertx-web-client-4.2.7.jar;C:\Users\shree\.m2\repository\io\vertx\vertx-web-common\4.2.7\vertx-web-common-4.2.7.jar;C:\Users\shree\.m2\repository\io\vertx\vertx-auth-common\4.2.7\vertx-auth-common-4.2.7.jar;C:\Users\shree\.m2\repository\io\vertx\vertx-core\4.2.7\vertx-core-4.2.7.jar;C:\Users\shree\.m2\repository\io\netty\netty-common\4.1.74.Final\netty-common-4.1.74.Final.jar;C:\Users\shree\.m2\repository\io\netty\netty-buffer\4.1.74.Final\netty-buffer-4.1.74.Final.jar;C:\Users\shree\.m2\repository\io\netty\netty-transport\4.1.74.Final\netty-transport-4.1.74.Final.jar;C:\Users\shree\.m2\repository\io\netty\netty-handler\4.1.74.Final\netty-handler-4.1.74.Final.jar;C:\Users\shree\.m2\repository\io\netty\netty-codec\4.1.74.Final\netty-codec-4.1.74.Final.jar;C:\Users\shree\.m2\repository\io\netty\netty-tcnative-classes\2.0.48.Final\netty-tcnative-classes-2.0.48.Final.jar;C:\Users\shree\.m2\repository\io\netty\netty-handler-proxy\4.1.74.Final\netty-handler-proxy-4.1.74.Final.jar;C:\Users\shree\.m2\repository\io\netty\netty-codec-socks\4.1.74.Final\netty-codec-socks-4.1.74.Final.jar;C:\Users\shree\.m2\repository\io\netty\netty-codec-http\4.1.74.Final\netty-codec-http-4.1.74.Final.jar;C:\Users\shree\.m2\repository\io\netty\netty-codec-http2\4.1.74.Final\netty-codec-http2-4.1.74.Final.jar;C:\Users\shree\.m2\repository\io\netty\netty-resolver\4.1.74.Final\netty-resolver-4.1.74.Final.jar;C:\Users\shree\.m2\repository\io\netty\netty-resolver-dns\4.1.74.Final\netty-resolver-dns-4.1.74.Final.jar;C:\Users\shree\.m2\repository\io\netty\netty-codec-dns\4.1.74.Final\netty-codec-dns-4.1.74.Final.jar;C:\Users\shree\.m2\repository\com\fasterxml\jackson\core\jackson-core\2.13.2\jackson-core-2.13.2.jar;C:\Users\shree\.m2\repository\io\vertx\vertx-web\4.2.7\vertx-web-4.2.7.jar;C:\Users\shree\.m2\repository\io\vertx\vertx-bridge-common\4.2.7\vertx-bridge-common-4.2.7.jar;C:\Users\shree\.m2\repository\ch\qos\logback\logback-classic\1.2.7\logback-classic-1.2.7.jar;C:\Users\shree\.m2\repository\ch\qos\logback\logback-core\1.2.7\logback-core-1.2.7.jar;C:\Users\shree\.m2\repository\org\slf4j\slf4j-api\1.7.32\slf4j-api-1.7.32.jar;C:\Users\shree\.m2\repository\io\vertx\vertx-junit5\4.2.7\vertx-junit5-4.2.7.jar;C:\Users\shree\.m2\repository\org\junit\jupiter\junit-jupiter-params\5.8.2\junit-jupiter-params-5.8.2.jar;C:\Users\shree\.m2\repository\org\junit\jupiter\junit-jupiter-api\5.7.0\junit-jupiter-api-5.7.0.jar;C:\Users\shree\.m2\repository\org\apiguardian\apiguardian-api\1.1.0\apiguardian-api-1.1.0.jar;C:\Users\shree\.m2\repository\org\opentest4j\opentest4j\1.2.0\opentest4j-1.2.0.jar;C:\Users\shree\.m2\repository\org\junit\platform\junit-platform-commons\1.7.0\junit-platform-commons-1.7.0.jar;C:\Users\shree\.m2\repository\org\junit\jupiter\junit-jupiter-engine\5.7.0\junit-jupiter-engine-5.7.0.jar;C:\Users\shree\.m2\repository\org\junit\platform\junit-platform-engine\1.7.0\junit-platform-engine-1.7.0.jar;"/>
    <property name="java.vm.vendor" value="Oracle Corporation"/>
    <property name="sun.arch.data.model" value="64"/>
    <property name="user.variant" value=""/>
    <property name="java.vendor.url" value="https://java.oracle.com/"/>
    <property name="user.timezone" value="Asia/Calcutta"/>
    <property name="os.name" value="Windows 10"/>
    <property name="java.vm.specification.version" value="13"/>
    <property name="sun.java.launcher" value="SUN_STANDARD"/>
    <property name="user.country" value="US"/>
    <property name="sun.boot.library.path" value="C:\Program Files\Java\jdk-13.0.1\bin"/>
    <property name="sun.java.command" value="C:\Users\shree\AppData\Local\Temp\surefire11442747778126667791\surefirebooter15736325186622818776.jar C:\Users\shree\AppData\Local\Temp\surefire11442747778126667791 2022-04-17T10-04-36_758-jvmRun1 surefire4003618378251785523tmp surefire_07436865732589633387tmp"/>
    <property name="jdk.debug" value="release"/>
    <property name="surefire.test.class.path" value="C:\Users\shree\OneDrive\Documents\Project_Workspace\IUDX\practice\Calculator_vertx\target\test-classes;C:\Users\shree\OneDrive\Documents\Project_Workspace\IUDX\practice\Calculator_vertx\target\classes;C:\Users\shree\.m2\repository\io\vertx\vertx-web-client\4.2.7\vertx-web-client-4.2.7.jar;C:\Users\shree\.m2\repository\io\vertx\vertx-web-common\4.2.7\vertx-web-common-4.2.7.jar;C:\Users\shree\.m2\repository\io\vertx\vertx-auth-common\4.2.7\vertx-auth-common-4.2.7.jar;C:\Users\shree\.m2\repository\io\vertx\vertx-core\4.2.7\vertx-core-4.2.7.jar;C:\Users\shree\.m2\repository\io\netty\netty-common\4.1.74.Final\netty-common-4.1.74.Final.jar;C:\Users\shree\.m2\repository\io\netty\netty-buffer\4.1.74.Final\netty-buffer-4.1.74.Final.jar;C:\Users\shree\.m2\repository\io\netty\netty-transport\4.1.74.Final\netty-transport-4.1.74.Final.jar;C:\Users\shree\.m2\repository\io\netty\netty-handler\4.1.74.Final\netty-handler-4.1.74.Final.jar;C:\Users\shree\.m2\repository\io\netty\netty-codec\4.1.74.Final\netty-codec-4.1.74.Final.jar;C:\Users\shree\.m2\repository\io\netty\netty-tcnative-classes\2.0.48.Final\netty-tcnative-classes-2.0.48.Final.jar;C:\Users\shree\.m2\repository\io\netty\netty-handler-proxy\4.1.74.Final\netty-handler-proxy-4.1.74.Final.jar;C:\Users\shree\.m2\repository\io\netty\netty-codec-socks\4.1.74.Final\netty-codec-socks-4.1.74.Final.jar;C:\Users\shree\.m2\repository\io\netty\netty-codec-http\4.1.74.Final\netty-codec-http-4.1.74.Final.jar;C:\Users\shree\.m2\repository\io\netty\netty-codec-http2\4.1.74.Final\netty-codec-http2-4.1.74.Final.jar;C:\Users\shree\.m2\repository\io\netty\netty-resolver\4.1.74.Final\netty-resolver-4.1.74.Final.jar;C:\Users\shree\.m2\repository\io\netty\netty-resolver-dns\4.1.74.Final\netty-resolver-dns-4.1.74.Final.jar;C:\Users\shree\.m2\repository\io\netty\netty-codec-dns\4.1.74.Final\netty-codec-dns-4.1.74.Final.jar;C:\Users\shree\.m2\repository\com\fasterxml\jackson\core\jackson-core\2.13.2\jackson-core-2.13.2.jar;C:\Users\shree\.m2\repository\io\vertx\vertx-web\4.2.7\vertx-web-4.2.7.jar;C:\Users\shree\.m2\repository\io\vertx\vertx-bridge-common\4.2.7\vertx-bridge-common-4.2.7.jar;C:\Users\shree\.m2\repository\ch\qos\logback\logback-classic\1.2.7\logback-classic-1.2.7.jar;C:\Users\shree\.m2\repository\ch\qos\logback\logback-core\1.2.7\logback-core-1.2.7.jar;C:\Users\shree\.m2\repository\org\slf4j\slf4j-api\1.7.32\slf4j-api-1.7.32.jar;C:\Users\shree\.m2\repository\io\vertx\vertx-junit5\4.2.7\vertx-junit5-4.2.7.jar;C:\Users\shree\.m2\repository\org\junit\jupiter\junit-jupiter-params\5.8.2\junit-jupiter-params-5.8.2.jar;C:\Users\shree\.m2\repository\org\junit\jupiter\junit-jupiter-api\5.7.0\junit-jupiter-api-5.7.0.jar;C:\Users\shree\.m2\repository\org\apiguardian\apiguardian-api\1.1.0\apiguardian-api-1.1.0.jar;C:\Users\shree\.m2\repository\org\opentest4j\opentest4j\1.2.0\opentest4j-1.2.0.jar;C:\Users\shree\.m2\repository\org\junit\platform\junit-platform-commons\1.7.0\junit-platform-commons-1.7.0.jar;C:\Users\shree\.m2\repository\org\junit\jupiter\junit-jupiter-engine\5.7.0\junit-jupiter-engine-5.7.0.jar;C:\Users\shree\.m2\repository\org\junit\platform\junit-platform-engine\1.7.0\junit-platform-engine-1.7.0.jar;"/>
    <property name="sun.cpu.endian" value="little"/>
    <property name="user.home" value="C:\Users\shree"/>
    <property name="user.language" value="en"/>
    <property name="java.specification.vendor" value="Oracle Corporation"/>
    <property name="java.version.date" value="2019-10-15"/>
    <property name="java.home" value="C:\Program Files\Java\jdk-13.0.1"/>
    <property name="file.separator" value="\"/>
    <property name="basedir" value="C:\Users\shree\OneDrive\Documents\Project_Workspace\IUDX\practice\Calculator_vertx"/>
    <property name="java.vm.compressedOopsMode" value="Zero based"/>
    <property name="line.separator" value="&#10;"/>
    <property name="java.vm.specification.vendor" value="Oracle Corporation"/>
    <property name="java.specification.name" value="Java Platform API Specification"/>
    <property name="surefire.real.class.path" value="C:\Users\shree\AppData\Local\Temp\surefire11442747778126667791\surefirebooter15736325186622818776.jar"/>
    <property name="user.script" value=""/>
    <property name="sun.management.compiler" value="HotSpot 64-Bit Tiered Compilers"/>
    <property name="java.runtime.version" value="13.0.1+9"/>
    <property name="user.name" value="shree"/>
    <property name="path.separator" value=";"/>
    <property name="os.version" value="10.0"/>
    <property name="java.runtime.name" value="Java(TM) SE Runtime Environment"/>
    <property name="file.encoding" value="Cp1252"/>
    <property name="java.vm.name" value="Java HotSpot(TM) 64-Bit Server VM"/>
    <property name="localRepository" value="C:\Users\shree\.m2\repository"/>
    <property name="java.vendor.url.bug" value="https://bugreport.java.com/bugreport/"/>
    <property name="java.io.tmpdir" value="C:\Users\shree\AppData\Local\Temp\"/>
    <property name="java.version" value="13.0.1"/>
    <property name="user.dir" value="C:\Users\shree\OneDrive\Documents\Project_Workspace\IUDX\practice\Calculator_vertx"/>
    <property name="os.arch" value="amd64"/>
    <property name="java.vm.specification.name" value="Java Virtual Machine Specification"/>
    <property name="sun.os.patch.level" value=""/>
    <property name="java.library.path" value="C:\Program Files\Java\jdk-13.0.1\bin;C:\WINDOWS\Sun\Java\bin;C:\WINDOWS\system32;C:\WINDOWS;C:\Python310\Scripts\;C:\Python310\;C:\Users\shree\AppData\Local\Programs\Python\Python38;C:\Program Files\Git\cmd;php_mysql.dll;libmysql.dll;C:\WINDOWS\system32\cmd.exe;C:\Users\shree\AppData\Local\Android\Sdk\platform-tools;C:\WINDOWS\System32\sort.exe;C:\Program Files\Java\jdk-13.0.1\bin;C:\Program Files\apache-maven-3.8.2-bin\apache-maven-3.8.2\bin;C:\Users\shree\AppData\Local\Programs\Python\Python38\Scripts;C:\Program Files\Docker\Docker\resources\bin;C:\ProgramData\DockerDesktop\version-bin;C:\Program Files\nodejs\;C:\ProgramData\chocolatey\bin;C:\Program Files (x86)\NVIDIA Corporation\PhysX\Common;C:\WINDOWS\System32\WindowsPowerShell\v1.0;C:\Program Files\MySQL\MySQL Shell 8.0\bin\;C:\Program Files\Java\jdk-13.0.1\bin;C:\Users\shree\AppData\Local\atom\bin;C:\Users\shree\AppData\Local\Microsoft\WindowsApps;C:\Program Files\JetBrains\PyCharm Community Edition 2020.2.3\bin;;C:\Program Files\PostgreSQL\12\bin;C:\php;C:\Users\shree\AppData\Local\Programs\Microsoft VS Code\bin;C:\Users\shree\AppData\Local\Programs\Python\Python38\Scripts;C:\MinGW\bin;C:\Program Files\heroku\bin;C:\Users\shree\AppData\Roaming\npm;C:\Program Files\JetBrains\IntelliJ IDEA Educational Edition 2021.3.3\bin;;."/>
    <property name="java.vm.info" value="mixed mode, sharing"/>
    <property name="java.vendor" value="Oracle Corporation"/>
    <property name="java.vm.version" value="13.0.1+9"/>
    <property name="sun.io.unicode.encoding" value="UnicodeLittle"/>
    <property name="java.class.version" value="57.0"/>
  </properties>
  <testcase name="verticle_deployed{Vertx, VertxTestContext}" classname="com.shree.calculator.vertx_starter.TestMainVerticle" time="2.35"/>
</testsuite>